<?xml version="1.0" encoding="UTF-8"?>
<!-- Generated by org.testng.reporters.JUnitReportReporter -->
<testsuite hostname="USER" name="WebDriver_Commands.Handling_DropDowns_T6" tests="1" failures="0" timestamp="9 Aug 2016 10:02:40 GMT" time="15.518" errors="0">
  <testcase name="handle_dropdowns" time="15.518" classname="WebDriver_Commands.Handling_DropDowns_T6"/>
</testsuite> <!-- WebDriver_Commands.Handling_DropDowns_T6 -->
