<?xml version="1.0" encoding="UTF-8"?>
<!-- Generated by org.testng.reporters.JUnitReportReporter -->
<testsuite hostname="USER" name="Java_TxtFile_Reading_And_Writing.Read_Write_To_File" tests="1" failures="0" timestamp="11 Aug 2016 09:49:17 GMT" time="0.017" errors="0">
  <testcase name="read_Write" time="0.017" classname="Java_TxtFile_Reading_And_Writing.Read_Write_To_File"/>
</testsuite> <!-- Java_TxtFile_Reading_And_Writing.Read_Write_To_File -->
