<?xml version="1.0" encoding="UTF-8"?>
<!-- Generated by org.testng.reporters.JUnitReportReporter -->
<testsuite hostname="USER" name="Java_TxtFile_Reading_And_Writing.Reading_Txt_File1" tests="1" failures="0" timestamp="11 Aug 2016 07:29:09 GMT" time="0.015" errors="0">
  <testcase name="reading" time="0.015" classname="Java_TxtFile_Reading_And_Writing.Reading_Txt_File1"/>
</testsuite> <!-- Java_TxtFile_Reading_And_Writing.Reading_Txt_File1 -->
