<?xml version="1.0" encoding="UTF-8"?>
<!-- Generated by org.testng.reporters.JUnitReportReporter -->
<testsuite hostname="USER" name="WebDriver_Commands.Handling_SelectMultipleoptions" tests="1" failures="0" timestamp="9 Aug 2016 09:51:55 GMT" time="18.494" errors="0">
  <testcase name="handle_multiplevalues" time="18.494" classname="WebDriver_Commands.Handling_SelectMultipleoptions"/>
</testsuite> <!-- WebDriver_Commands.Handling_SelectMultipleoptions -->
