<?xml version="1.0" encoding="UTF-8"?>
<!-- Generated by org.testng.reporters.JUnitReportReporter -->
<testsuite hostname="USER" name="Java_TxtFile_Reading_And_Writing.Writing_To_Txt_file" tests="1" failures="0" timestamp="11 Aug 2016 07:37:12 GMT" time="0.016" errors="0">
  <testcase name="Writing" time="0.016" classname="Java_TxtFile_Reading_And_Writing.Writing_To_Txt_file"/>
</testsuite> <!-- Java_TxtFile_Reading_And_Writing.Writing_To_Txt_file -->
