<?xml version="1.0" encoding="UTF-8"?>
<!-- Generated by org.testng.reporters.JUnitReportReporter -->
<testsuite hostname="USER" name="FileHandling.Create_folder_or_directory" tests="1" failures="0" timestamp="11 Aug 2016 08:29:28 GMT" time="0.014" errors="0">
  <testcase name="createfolder" time="0.014" classname="FileHandling.Create_folder_or_directory"/>
</testsuite> <!-- FileHandling.Create_folder_or_directory -->
