<?xml version="1.0" encoding="UTF-8"?>
<!-- Generated by org.testng.reporters.JUnitReportReporter -->
<testsuite hostname="USER" name="WebDriver_Commands.Handling_WebTable_T7" tests="1" failures="0" timestamp="10 Aug 2016 10:00:26 GMT" time="10.194" errors="0">
  <testcase name="Handle_Webtable" time="10.194" classname="WebDriver_Commands.Handling_WebTable_T7"/>
</testsuite> <!-- WebDriver_Commands.Handling_WebTable_T7 -->
