<?xml version="1.0" encoding="UTF-8"?>
<!-- Generated by org.testng.reporters.JUnitReportReporter -->
<testsuite hostname="USER" name="Taking_ScreenShots.Taking_Screen_Shot" tests="1" failures="0" timestamp="11 Aug 2016 06:26:09 GMT" time="11.269" errors="0">
  <testcase name="takingscreenshot" time="11.269" classname="Taking_ScreenShots.Taking_Screen_Shot"/>
</testsuite> <!-- Taking_ScreenShots.Taking_Screen_Shot -->
