<?xml version="1.0" encoding="UTF-8"?>
<!-- Generated by org.testng.reporters.JUnitReportReporter -->
<testsuite hostname="USER" name="WebDriver_Commands.Handling_CheckBoxes_T6" tests="1" failures="0" timestamp="9 Aug 2016 08:18:19 GMT" time="18.984" errors="0">
  <testcase name="handlingCheckBoxes" time="18.984" classname="WebDriver_Commands.Handling_CheckBoxes_T6"/>
</testsuite> <!-- WebDriver_Commands.Handling_CheckBoxes_T6 -->
