<?xml version="1.0" encoding="UTF-8"?>
<!-- Generated by org.testng.reporters.JUnitReportReporter -->
<testsuite hostname="USER" name="FileHandling.Folder_Exists_or_not_2" tests="1" failures="0" timestamp="11 Aug 2016 08:39:02 GMT" time="0.019" errors="0">
  <testcase name="folderexistsornot" time="0.019" classname="FileHandling.Folder_Exists_or_not_2"/>
</testsuite> <!-- FileHandling.Folder_Exists_or_not_2 -->
