<?xml version="1.0" encoding="UTF-8"?>
<!-- Generated by org.testng.reporters.JUnitReportReporter -->
<testsuite hostname="USER" name="Java_TxtFile_Reading_And_Writing.Wrting_ToText_File_appened" tests="1" failures="0" timestamp="11 Aug 2016 07:46:49 GMT" time="0.016" errors="0">
  <testcase name="writing" time="0.016" classname="Java_TxtFile_Reading_And_Writing.Wrting_ToText_File_appened"/>
</testsuite> <!-- Java_TxtFile_Reading_And_Writing.Wrting_ToText_File_appened -->
